<?xml version="1.0" encoding="UTF-8"?>
<!-- Generated by org.testng.reporters.JUnitXMLReporter -->
<testsuite ignored="1" hostname="SRINIVAS-G2005" failures="0" tests="1" name="Default test" time="24.647" errors="0" timestamp="2025-03-26T19:07:19 IST">
  <testcase classname="automationBlogSpot.HandlingJSExecuter" name="radioButton" time="0.032"/>
  <testcase classname="automationBlogSpot.HandlingJSExecuter" name="handlingInputBox" time="0.0">
    <ignored/>
  </testcase> <!-- handlingInputBox -->
</testsuite> <!-- Default test -->
