<?xml version="1.0" encoding="UTF-8"?>
<!-- Generated by org.testng.reporters.JUnitXMLReporter -->
<testsuite ignored="0" hostname="SRINIVAS-G2005" failures="0" tests="4" name="Default test" time="19.067" errors="0" timestamp="2025-03-27T21:43:59 IST">
  <testcase classname="automationBlogSpot.ScrollingBarJSExecuter" name="scrollOnPixelSize" time="0.049"/>
  <testcase classname="automationBlogSpot.ScrollingBarJSExecuter" name="scrollUntilElementFound" time="0.073"/>
  <testcase classname="automationBlogSpot.ScrollingBarJSExecuter" name="scrollEndOfPage" time="3.032"/>
  <testcase classname="automationBlogSpot.ScrollingBarJSExecuter" name="scrollEndReturnToStart" time="3.07"/>
</testsuite> <!-- Default test -->
