<?xml version="1.0" encoding="UTF-8"?>
<testng-results ignored="0" total="1" passed="1" failed="0" skipped="0">
  <reporter-output>
  </reporter-output>
  <suite started-at="2025-07-20T21:37:04 IST" name="Default suite" finished-at="2025-07-20T21:37:11 IST" duration-ms="7095">
    <groups>
    </groups>
    <test started-at="2025-07-20T21:37:04 IST" name="Default test" finished-at="2025-07-20T21:37:11 IST" duration-ms="7095">
      <class name="OnePiece_Wikipedia.ScrollingBarJSExecuter">
        <test-method is-config="true" signature="setUp()[pri:0, instance:OnePiece_Wikipedia.ScrollingBarJSExecuter@7c7a06ec]" started-at="2025-07-20T21:37:04 IST" name="setUp" finished-at="2025-07-20T21:37:08 IST" duration-ms="3820" status="PASS">
          <reporter-output>
          </reporter-output>
        </test-method> <!-- setUp -->
        <test-method signature="scrollEndOfPage()[pri:3, instance:OnePiece_Wikipedia.ScrollingBarJSExecuter@7c7a06ec]" started-at="2025-07-20T21:37:08 IST" name="scrollEndOfPage" finished-at="2025-07-20T21:37:11 IST" duration-ms="3020" status="PASS">
          <reporter-output>
          </reporter-output>
        </test-method> <!-- scrollEndOfPage -->
        <test-method is-config="true" signature="tearDown()[pri:0, instance:OnePiece_Wikipedia.ScrollingBarJSExecuter@7c7a06ec]" started-at="2025-07-20T21:37:11 IST" name="tearDown" finished-at="2025-07-20T21:37:11 IST" duration-ms="224" status="PASS">
          <reporter-output>
          </reporter-output>
        </test-method> <!-- tearDown -->
      </class> <!-- OnePiece_Wikipedia.ScrollingBarJSExecuter -->
    </test> <!-- Default test -->
  </suite> <!-- Default suite -->
</testng-results>
